Determining if the pthread_create exist failed with the following output:
Change Dir: /home/kaushik/ros_workspaces/drone_localization/build/CMakeFiles/CMakeTmp

Run Build Command:"/usr/bin/make" "cmTC_8a5ee/fast"
/usr/bin/make -f CMakeFiles/cmTC_8a5ee.dir/build.make CMakeFiles/cmTC_8a5ee.dir/build
make[1]: Entering directory '/home/kaushik/ros_workspaces/drone_localization/build/CMakeFiles/CMakeTmp'
Building C object CMakeFiles/cmTC_8a5ee.dir/CheckSymbolExists.c.o
/usr/bin/cc     -o CMakeFiles/cmTC_8a5ee.dir/CheckSymbolExists.c.o   -c /home/kaushik/ros_workspaces/drone_localization/build/CMakeFiles/CMakeTmp/CheckSymbolExists.c
Linking C executable cmTC_8a5ee
/usr/bin/cmake -E cmake_link_script CMakeFiles/cmTC_8a5ee.dir/link.txt --verbose=1
/usr/bin/cc       CMakeFiles/cmTC_8a5ee.dir/CheckSymbolExists.c.o  -o cmTC_8a5ee -rdynamic 
CMakeFiles/cmTC_8a5ee.dir/CheckSymbolExists.c.o: In function `main':
CheckSymbolExists.c:(.text+0x16): undefined reference to `pthread_create'
collect2: error: ld returned 1 exit status
CMakeFiles/cmTC_8a5ee.dir/build.make:97: recipe for target 'cmTC_8a5ee' failed
make[1]: *** [cmTC_8a5ee] Error 1
make[1]: Leaving directory '/home/kaushik/ros_workspaces/drone_localization/build/CMakeFiles/CMakeTmp'
Makefile:126: recipe for target 'cmTC_8a5ee/fast' failed
make: *** [cmTC_8a5ee/fast] Error 2

File /home/kaushik/ros_workspaces/drone_localization/build/CMakeFiles/CMakeTmp/CheckSymbolExists.c:
/* */
#include <pthread.h>

int main(int argc, char** argv)
{
  (void)argv;
#ifndef pthread_create
  return ((int*)(&pthread_create))[argc];
#else
  (void)argc;
  return 0;
#endif
}

Determining if the function pthread_create exists in the pthreads failed with the following output:
Change Dir: /home/kaushik/ros_workspaces/drone_localization/build/CMakeFiles/CMakeTmp

Run Build Command:"/usr/bin/make" "cmTC_edfef/fast"
/usr/bin/make -f CMakeFiles/cmTC_edfef.dir/build.make CMakeFiles/cmTC_edfef.dir/build
make[1]: Entering directory '/home/kaushik/ros_workspaces/drone_localization/build/CMakeFiles/CMakeTmp'
Building C object CMakeFiles/cmTC_edfef.dir/CheckFunctionExists.c.o
/usr/bin/cc    -DCHECK_FUNCTION_EXISTS=pthread_create   -o CMakeFiles/cmTC_edfef.dir/CheckFunctionExists.c.o   -c /usr/share/cmake-3.5/Modules/CheckFunctionExists.c
Linking C executable cmTC_edfef
/usr/bin/cmake -E cmake_link_script CMakeFiles/cmTC_edfef.dir/link.txt --verbose=1
/usr/bin/cc   -DCHECK_FUNCTION_EXISTS=pthread_create    CMakeFiles/cmTC_edfef.dir/CheckFunctionExists.c.o  -o cmTC_edfef -rdynamic -lpthreads 
/usr/bin/ld: cannot find -lpthreads
collect2: error: ld returned 1 exit status
CMakeFiles/cmTC_edfef.dir/build.make:97: recipe for target 'cmTC_edfef' failed
make[1]: *** [cmTC_edfef] Error 1
make[1]: Leaving directory '/home/kaushik/ros_workspaces/drone_localization/build/CMakeFiles/CMakeTmp'
Makefile:126: recipe for target 'cmTC_edfef/fast' failed
make: *** [cmTC_edfef/fast] Error 2


